<?xml version="1.0" encoding="UTF-8"?>
<coverage generated="1666889307865" clover="3.2.0">
  <project timestamp="1666889307865" name="All files">
    <metrics statements="57" coveredstatements="43" conditionals="21" coveredconditionals="5" methods="11" coveredmethods="4" elements="89" coveredelements="52" complexity="0" loc="57" ncloc="57" packages="4" files="6" classes="6"/>
    <package name="fundMe">
      <metrics statements="32" coveredstatements="26" conditionals="4" coveredconditionals="2" methods="5" coveredmethods="2"/>
      <file name="app.js" path="/Users/user/Documents/Personal_Projects/fundMe/app.js">
        <metrics statements="19" coveredstatements="19" conditionals="0" coveredconditionals="0" methods="1" coveredmethods="1"/>
        <line num="1" count="1" type="stmt"/>
        <line num="2" count="1" type="stmt"/>
        <line num="3" count="1" type="stmt"/>
        <line num="4" count="1" type="stmt"/>
        <line num="5" count="1" type="stmt"/>
        <line num="6" count="1" type="stmt"/>
        <line num="7" count="1" type="stmt"/>
        <line num="8" count="1" type="stmt"/>
        <line num="9" count="1" type="stmt"/>
        <line num="10" count="1" type="stmt"/>
        <line num="13" count="1" type="stmt"/>
        <line num="14" count="1" type="stmt"/>
        <line num="15" count="1" type="stmt"/>
        <line num="16" count="1" type="stmt"/>
        <line num="17" count="1" type="stmt"/>
        <line num="20" count="1" type="stmt"/>
        <line num="21" count="1" type="stmt"/>
        <line num="25" count="1" type="stmt"/>
        <line num="27" count="1" type="stmt"/>
      </file>
      <file name="server.js" path="/Users/user/Documents/Personal_Projects/fundMe/server.js">
        <metrics statements="13" coveredstatements="7" conditionals="4" coveredconditionals="2" methods="4" coveredmethods="1"/>
        <line num="1" count="1" type="stmt"/>
        <line num="3" count="1" type="cond" truecount="1" falsecount="1"/>
        <line num="4" count="1" type="cond" truecount="1" falsecount="1"/>
        <line num="7" count="1" type="stmt"/>
        <line num="8" count="0" type="stmt"/>
        <line num="9" count="0" type="stmt"/>
        <line num="12" count="1" type="stmt"/>
        <line num="15" count="1" type="stmt"/>
        <line num="16" count="0" type="stmt"/>
        <line num="17" count="0" type="stmt"/>
        <line num="18" count="0" type="stmt"/>
        <line num="19" count="0" type="stmt"/>
        <line num="23" count="1" type="stmt"/>
      </file>
    </package>
    <package name="fundMe.logger">
      <metrics statements="8" coveredstatements="8" conditionals="2" coveredconditionals="1" methods="1" coveredmethods="1"/>
      <file name="winston-setup.js" path="/Users/user/Documents/Personal_Projects/fundMe/logger/winston-setup.js">
        <metrics statements="8" coveredstatements="8" conditionals="2" coveredconditionals="1" methods="1" coveredmethods="1"/>
        <line num="1" count="1" type="stmt"/>
        <line num="2" count="1" type="stmt"/>
        <line num="3" count="1" type="stmt"/>
        <line num="5" count="1" type="stmt"/>
        <line num="36" count="1" type="stmt"/>
        <line num="41" count="1" type="stmt"/>
        <line num="43" count="1" type="stmt"/>
        <line num="47" count="1" type="stmt"/>
      </file>
    </package>
    <package name="fundMe.middlewares">
      <metrics statements="7" coveredstatements="3" conditionals="4" coveredconditionals="0" methods="1" coveredmethods="0"/>
      <file name="error.js" path="/Users/user/Documents/Personal_Projects/fundMe/middlewares/error.js">
        <metrics statements="7" coveredstatements="3" conditionals="4" coveredconditionals="0" methods="1" coveredmethods="0"/>
        <line num="1" count="1" type="stmt"/>
        <line num="2" count="1" type="stmt"/>
        <line num="4" count="1" type="stmt"/>
        <line num="5" count="0" type="stmt"/>
        <line num="6" count="0" type="cond" truecount="0" falsecount="2"/>
        <line num="7" count="0" type="cond" truecount="0" falsecount="2"/>
        <line num="8" count="0" type="stmt"/>
      </file>
    </package>
    <package name="fundMe.utils">
      <metrics statements="10" coveredstatements="6" conditionals="11" coveredconditionals="2" methods="4" coveredmethods="1"/>
      <file name="error-handler.js" path="/Users/user/Documents/Personal_Projects/fundMe/utils/error-handler.js">
        <metrics statements="5" coveredstatements="3" conditionals="2" coveredconditionals="0" methods="1" coveredmethods="0"/>
        <line num="1" count="1" type="stmt"/>
        <line num="2" count="1" type="stmt"/>
        <line num="13" count="0" type="cond" truecount="0" falsecount="2"/>
        <line num="14" count="0" type="stmt"/>
        <line num="18" count="1" type="stmt"/>
      </file>
      <file name="response.js" path="/Users/user/Documents/Personal_Projects/fundMe/utils/response.js">
        <metrics statements="5" coveredstatements="3" conditionals="9" coveredconditionals="2" methods="3" coveredmethods="1"/>
        <line num="1" count="1" type="stmt"/>
        <line num="10" count="1" type="stmt"/>
        <line num="19" count="0" type="stmt"/>
        <line num="28" count="0" type="stmt"/>
        <line num="32" count="1" type="stmt"/>
      </file>
    </package>
  </project>
</coverage>
