{"/Users/user/Documents/Personal_Projects/fundMe/app.js": {"path":"/Users/user/Documents/Personal_Projects/fundMe/app.js","statementMap":{"0":{"start":{"line":1,"column":0},"end":{"line":1,"column":32}},"1":{"start":{"line":2,"column":0},"end":{"line":2,"column":27}},"2":{"start":{"line":3,"column":16},"end":{"line":3,"column":34}},"3":{"start":{"line":4,"column":18},"end":{"line":4,"column":47}},"4":{"start":{"line":5,"column":15},"end":{"line":5,"column":32}},"5":{"start":{"line":6,"column":16},"end":{"line":6,"column":49}},"6":{"start":{"line":7,"column":14},"end":{"line":7,"column":44}},"7":{"start":{"line":8,"column":24},"end":{"line":8,"column":49}},"8":{"start":{"line":9,"column":13},"end":{"line":9,"column":28}},"9":{"start":{"line":10,"column":17},"end":{"line":10,"column":44}},"10":{"start":{"line":13,"column":12},"end":{"line":13,"column":21}},"11":{"start":{"line":14,"column":0},"end":{"line":14,"column":72}},"12":{"start":{"line":15,"column":0},"end":{"line":15,"column":56}},"13":{"start":{"line":16,"column":0},"end":{"line":16,"column":24}},"14":{"start":{"line":17,"column":0},"end":{"line":17,"column":16}},"15":{"start":{"line":20,"column":0},"end":{"line":22,"column":3}},"16":{"start":{"line":21,"column":2},"end":{"line":21,"column":71}},"17":{"start":{"line":25,"column":0},"end":{"line":25,"column":15}},"18":{"start":{"line":27,"column":0},"end":{"line":27,"column":21}}},"fnMap":{"0":{"name":"(anonymous_0)","decl":{"start":{"line":20,"column":25},"end":{"line":20,"column":26}},"loc":{"start":{"line":20,"column":39},"end":{"line":22,"column":1}},"line":20}},"branchMap":{},"s":{"0":1,"1":1,"2":1,"3":1,"4":1,"5":1,"6":1,"7":1,"8":1,"9":1,"10":1,"11":1,"12":1,"13":1,"14":1,"15":1,"16":1,"17":1,"18":1},"f":{"0":1},"b":{},"_coverageSchema":"1a1c01bbd47fc00a2c39e90264f33305004495a9","hash":"293ddf6de157ba5002c519f2523c3cc80e147527"}
,"/Users/user/Documents/Personal_Projects/fundMe/server.js": {"path":"/Users/user/Documents/Personal_Projects/fundMe/server.js","statementMap":{"0":{"start":{"line":1,"column":12},"end":{"line":1,"column":28}},"1":{"start":{"line":3,"column":13},"end":{"line":3,"column":37}},"2":{"start":{"line":4,"column":20},"end":{"line":4,"column":57}},"3":{"start":{"line":7,"column":0},"end":{"line":10,"column":3}},"4":{"start":{"line":8,"column":2},"end":{"line":8,"column":37}},"5":{"start":{"line":9,"column":2},"end":{"line":9,"column":57}},"6":{"start":{"line":12,"column":13},"end":{"line":12,"column":108}},"7":{"start":{"line":12,"column":36},"end":{"line":12,"column":107}},"8":{"start":{"line":15,"column":0},"end":{"line":21,"column":3}},"9":{"start":{"line":16,"column":2},"end":{"line":16,"column":37}},"10":{"start":{"line":17,"column":2},"end":{"line":17,"column":59}},"11":{"start":{"line":18,"column":2},"end":{"line":20,"column":5}},"12":{"start":{"line":19,"column":4},"end":{"line":19,"column":20}},"13":{"start":{"line":23,"column":0},"end":{"line":23,"column":24}}},"fnMap":{"0":{"name":"(anonymous_0)","decl":{"start":{"line":7,"column":32},"end":{"line":7,"column":33}},"loc":{"start":{"line":7,"column":41},"end":{"line":10,"column":1}},"line":7},"1":{"name":"(anonymous_1)","decl":{"start":{"line":12,"column":30},"end":{"line":12,"column":31}},"loc":{"start":{"line":12,"column":36},"end":{"line":12,"column":107}},"line":12},"2":{"name":"(anonymous_2)","decl":{"start":{"line":15,"column":33},"end":{"line":15,"column":34}},"loc":{"start":{"line":15,"column":42},"end":{"line":21,"column":1}},"line":15},"3":{"name":"(anonymous_3)","decl":{"start":{"line":18,"column":15},"end":{"line":18,"column":16}},"loc":{"start":{"line":18,"column":21},"end":{"line":20,"column":3}},"line":18}},"branchMap":{"0":{"loc":{"start":{"line":3,"column":13},"end":{"line":3,"column":37}},"type":"binary-expr","locations":[{"start":{"line":3,"column":13},"end":{"line":3,"column":29}},{"start":{"line":3,"column":33},"end":{"line":3,"column":37}}],"line":3},"1":{"loc":{"start":{"line":4,"column":20},"end":{"line":4,"column":57}},"type":"binary-expr","locations":[{"start":{"line":4,"column":20},"end":{"line":4,"column":40}},{"start":{"line":4,"column":44},"end":{"line":4,"column":57}}],"line":4}},"s":{"0":1,"1":1,"2":1,"3":1,"4":0,"5":0,"6":1,"7":1,"8":1,"9":0,"10":0,"11":0,"12":0,"13":1},"f":{"0":0,"1":1,"2":0,"3":0},"b":{"0":[1,0],"1":[1,0]},"_coverageSchema":"1a1c01bbd47fc00a2c39e90264f33305004495a9","hash":"3476ac67c1fe814a344058c1eb1e0e1e536bc33d"}
,"/Users/user/Documents/Personal_Projects/fundMe/logger/winston-setup.js": {"path":"/Users/user/Documents/Personal_Projects/fundMe/logger/winston-setup.js","statementMap":{"0":{"start":{"line":1,"column":0},"end":{"line":1,"column":27}},"1":{"start":{"line":2,"column":16},"end":{"line":2,"column":40}},"2":{"start":{"line":3,"column":16},"end":{"line":3,"column":34}},"3":{"start":{"line":5,"column":16},"end":{"line":34,"column":1}},"4":{"start":{"line":36,"column":15},"end":{"line":39,"column":2}},"5":{"start":{"line":41,"column":0},"end":{"line":45,"column":2}},"6":{"start":{"line":43,"column":4},"end":{"line":43,"column":25}},"7":{"start":{"line":47,"column":0},"end":{"line":47,"column":24}}},"fnMap":{"0":{"name":"(anonymous_0)","decl":{"start":{"line":42,"column":9},"end":{"line":42,"column":10}},"loc":{"start":{"line":42,"column":28},"end":{"line":44,"column":3}},"line":42}},"branchMap":{"0":{"loc":{"start":{"line":17,"column":11},"end":{"line":17,"column":68}},"type":"cond-expr","locations":[{"start":{"line":17,"column":52},"end":{"line":17,"column":59}},{"start":{"line":17,"column":62},"end":{"line":17,"column":68}}],"line":17}},"s":{"0":1,"1":1,"2":1,"3":1,"4":1,"5":1,"6":1,"7":1},"f":{"0":1},"b":{"0":[0,1]},"_coverageSchema":"1a1c01bbd47fc00a2c39e90264f33305004495a9","hash":"cae2e959335d1567888fa76bbe70d5b566f2e821"}
,"/Users/user/Documents/Personal_Projects/fundMe/middlewares/error.js": {"path":"/Users/user/Documents/Personal_Projects/fundMe/middlewares/error.js","statementMap":{"0":{"start":{"line":1,"column":16},"end":{"line":1,"column":34}},"1":{"start":{"line":2,"column":21},"end":{"line":2,"column":54}},"2":{"start":{"line":4,"column":0},"end":{"line":9,"column":2}},"3":{"start":{"line":5,"column":2},"end":{"line":5,"column":37}},"4":{"start":{"line":6,"column":2},"end":{"line":6,"column":73}},"5":{"start":{"line":7,"column":2},"end":{"line":7,"column":110}},"6":{"start":{"line":8,"column":2},"end":{"line":8,"column":52}}},"fnMap":{"0":{"name":"(anonymous_0)","decl":{"start":{"line":4,"column":17},"end":{"line":4,"column":18}},"loc":{"start":{"line":4,"column":44},"end":{"line":9,"column":1}},"line":4}},"branchMap":{"0":{"loc":{"start":{"line":6,"column":21},"end":{"line":6,"column":72}},"type":"cond-expr","locations":[{"start":{"line":6,"column":62},"end":{"line":6,"column":67}},{"start":{"line":6,"column":70},"end":{"line":6,"column":72}}],"line":6},"1":{"loc":{"start":{"line":7,"column":19},"end":{"line":7,"column":38}},"type":"binary-expr","locations":[{"start":{"line":7,"column":19},"end":{"line":7,"column":31}},{"start":{"line":7,"column":35},"end":{"line":7,"column":38}}],"line":7}},"s":{"0":1,"1":1,"2":1,"3":0,"4":0,"5":0,"6":0},"f":{"0":0},"b":{"0":[0,0],"1":[0,0]},"_coverageSchema":"1a1c01bbd47fc00a2c39e90264f33305004495a9","hash":"d351e766dbef451c0517ce099cadd731f47e139a"}
,"/Users/user/Documents/Personal_Projects/fundMe/utils/error-handler.js": {"path":"/Users/user/Documents/Personal_Projects/fundMe/utils/error-handler.js","statementMap":{"0":{"start":{"line":1,"column":0},"end":{"line":1,"column":27}},"1":{"start":{"line":2,"column":17},"end":{"line":2,"column":38}},"2":{"start":{"line":13,"column":16},"end":{"line":13,"column":73}},"3":{"start":{"line":14,"column":4},"end":{"line":14,"column":92}},"4":{"start":{"line":18,"column":0},"end":{"line":18,"column":30}}},"fnMap":{"0":{"name":"(anonymous_0)","decl":{"start":{"line":12,"column":2},"end":{"line":12,"column":3}},"loc":{"start":{"line":12,"column":31},"end":{"line":15,"column":3}},"line":12}},"branchMap":{"0":{"loc":{"start":{"line":13,"column":16},"end":{"line":13,"column":73}},"type":"cond-expr","locations":[{"start":{"line":13,"column":57},"end":{"line":13,"column":66}},{"start":{"line":13,"column":69},"end":{"line":13,"column":73}}],"line":13}},"s":{"0":1,"1":1,"2":0,"3":0,"4":1},"f":{"0":0},"b":{"0":[0,0]},"_coverageSchema":"1a1c01bbd47fc00a2c39e90264f33305004495a9","hash":"e1cae43f79e0e278eeaf629d58b2d799412dc162"}
,"/Users/user/Documents/Personal_Projects/fundMe/utils/response.js": {"path":"/Users/user/Documents/Personal_Projects/fundMe/utils/response.js","statementMap":{"0":{"start":{"line":1,"column":15},"end":{"line":1,"column":37}},"1":{"start":{"line":10,"column":4},"end":{"line":10,"column":58}},"2":{"start":{"line":19,"column":4},"end":{"line":19,"column":58}},"3":{"start":{"line":28,"column":4},"end":{"line":28,"column":72}},"4":{"start":{"line":32,"column":0},"end":{"line":32,"column":26}}},"fnMap":{"0":{"name":"(anonymous_0)","decl":{"start":{"line":9,"column":2},"end":{"line":9,"column":3}},"loc":{"start":{"line":9,"column":99},"end":{"line":11,"column":3}},"line":9},"1":{"name":"(anonymous_1)","decl":{"start":{"line":18,"column":2},"end":{"line":18,"column":3}},"loc":{"start":{"line":18,"column":102},"end":{"line":20,"column":3}},"line":18},"2":{"name":"(anonymous_2)","decl":{"start":{"line":27,"column":2},"end":{"line":27,"column":3}},"loc":{"start":{"line":27,"column":141},"end":{"line":29,"column":3}},"line":27}},"branchMap":{"0":{"loc":{"start":{"line":9,"column":28},"end":{"line":9,"column":50}},"type":"default-arg","locations":[{"start":{"line":9,"column":41},"end":{"line":9,"column":50}}],"line":9},"1":{"loc":{"start":{"line":9,"column":52},"end":{"line":9,"column":84}},"type":"default-arg","locations":[{"start":{"line":9,"column":62},"end":{"line":9,"column":84}}],"line":9},"2":{"loc":{"start":{"line":9,"column":86},"end":{"line":9,"column":95}},"type":"default-arg","locations":[{"start":{"line":9,"column":93},"end":{"line":9,"column":95}}],"line":9},"3":{"loc":{"start":{"line":18,"column":26},"end":{"line":18,"column":57}},"type":"default-arg","locations":[{"start":{"line":18,"column":39},"end":{"line":18,"column":57}}],"line":18},"4":{"loc":{"start":{"line":18,"column":59},"end":{"line":18,"column":87}},"type":"default-arg","locations":[{"start":{"line":18,"column":69},"end":{"line":18,"column":87}}],"line":18},"5":{"loc":{"start":{"line":18,"column":89},"end":{"line":18,"column":98}},"type":"default-arg","locations":[{"start":{"line":18,"column":96},"end":{"line":18,"column":98}}],"line":18},"6":{"loc":{"start":{"line":27,"column":31},"end":{"line":27,"column":72}},"type":"default-arg","locations":[{"start":{"line":27,"column":44},"end":{"line":27,"column":72}}],"line":27},"7":{"loc":{"start":{"line":27,"column":74},"end":{"line":27,"column":112}},"type":"default-arg","locations":[{"start":{"line":27,"column":84},"end":{"line":27,"column":112}}],"line":27},"8":{"loc":{"start":{"line":27,"column":114},"end":{"line":27,"column":123}},"type":"default-arg","locations":[{"start":{"line":27,"column":121},"end":{"line":27,"column":123}}],"line":27}},"s":{"0":1,"1":1,"2":0,"3":0,"4":1},"f":{"0":1,"1":0,"2":0},"b":{"0":[1],"1":[0],"2":[1],"3":[0],"4":[0],"5":[0],"6":[0],"7":[0],"8":[0]},"_coverageSchema":"1a1c01bbd47fc00a2c39e90264f33305004495a9","hash":"f2896dd70729da0ff31c5834f41b588b203fe598"}
}
